<?xml version="1.0" encoding="UTF-8"?>
<!-- Generated by org.testng.reporters.JUnitReportReporter -->
<testsuite name="com.TestClasses.Testclass2" tests="1" time="1.771" ignored="0" failures="0" timestamp="03 Apr 2019 13:12:24 GMT" skipped="0" hostname="WIN8PRO-64-73" errors="0">
  <testcase name="f" time="1.771" classname="com.TestClasses.Testclass2"/>
</testsuite> <!-- com.TestClasses.Testclass2 -->
