<?xml version="1.0" encoding="UTF-8"?>
<!-- Generated by org.testng.reporters.JUnitReportReporter -->
<testsuite name="com.TestClasses.TestClass1" tests="1" time="47.621" ignored="0" failures="0" timestamp="27 Mar 2019 10:37:36 GMT" skipped="0" hostname="WIN8PRO-64-73" errors="0">
  <testcase name="function1" time="47.621" classname="com.TestClasses.TestClass1"/>
</testsuite> <!-- com.TestClasses.TestClass1 -->
